[15:15:37] [ServerMain/WARN]: Failed to add PDH Counter: \Paging File(_Total)\% Usage, Error code: 0xC0000BB8
[15:15:37] [ServerMain/WARN]: Failed to add counter for PDH counter: \Paging File(_Total)\% Usage
[15:15:37] [ServerMain/WARN]: Disabling further attempts to query Paging File.
[15:15:37] [ServerMain/WARN]: COM exception: Invalid Class Win32_PerfRawData_PerfOS_PagingFile
[15:15:40] [ServerMain/INFO]: Environment: authHost='https://authserver.mojang.com', accountsHost='https://api.mojang.com', sessionHost='https://sessionserver.mojang.com', servicesHost='https://api.minecraftservices.com', name='PROD'
[15:15:42] [Worker-Main-19/INFO]: Loaded 7 recipes
[15:15:45] [Server thread/INFO]: Starting minecraft server version 1.18.2
[15:15:45] [Server thread/INFO]: Loading properties
[15:15:46] [Server thread/INFO]: This server is running CraftBukkit version 3478-Spigot-42b6152-a459f4d (MC: 1.18.2) (Implementing API version 1.18.2-R0.1-SNAPSHOT)
[15:15:46] [Server thread/INFO]: Debug logging is disabled
[15:15:46] [Server thread/INFO]: Server Ping Player Sample Count: 12
[15:15:46] [Server thread/INFO]: Using 4 threads for Netty based IO
[15:15:46] [Server thread/INFO]: Default game type: SURVIVAL
[15:15:46] [Server thread/INFO]: Generating keypair
[15:15:46] [Server thread/INFO]: Starting Minecraft server on *:25565
[15:15:46] [Server thread/INFO]: Using default channel type
[15:15:47] [Server thread/WARN]: Initializing Legacy Material Support. Unless you have legacy plugins and/or data this is a bug!
[15:15:50] [Server thread/WARN]: Legacy plugin ChangeSkin v3.0 does not specify an api-version.
[15:15:50] [Server thread/INFO]: [Essentials] Loading Essentials v2.19.4
[15:15:50] [Server thread/INFO]: [ImageOnMap] Loading ImageOnMap v4.2.2
[15:15:50] [Server thread/INFO]: [UltimateHomes] Loading UltimateHomes v2.5
[15:15:50] [Server thread/INFO]: [ImprovedFactions] Loading ImprovedFactions v1.0
[15:15:50] [Server thread/INFO]: [ProtocolLib] Loading ProtocolLib v4.8.0
[15:15:51] [Server thread/INFO]: [Orebfuscator] Loading Orebfuscator v5.2.6
[15:15:51] [Server thread/INFO]: [ChangeSkin] Loading ChangeSkin v3.0
[15:15:51] [Server thread/INFO]: [DecentHolograms] Loading DecentHolograms v2.3.1
[15:15:51] [Server thread/INFO]: [ProtocolLib] Enabling ProtocolLib v4.8.0
[15:15:51] [Server thread/INFO]: [ProtocolLib] Started structure compiler thread.
[15:15:51] [Server thread/INFO]: Preparing level "world"
[15:15:52] [Server thread/INFO]: -------- World Settings For [world] --------
[15:15:52] [Server thread/INFO]: Arrow Despawn Rate: 1200 Trident Respawn Rate:1200
[15:15:52] [Server thread/INFO]: Allow Zombie Pigmen to spawn from portal blocks: true
[15:15:52] [Server thread/INFO]: Item Merge Radius: 2.5
[15:15:52] [Server thread/INFO]: Item Despawn Rate: 6000
[15:15:52] [Server thread/INFO]: View Distance: 10
[15:15:52] [Server thread/INFO]: Simulation Distance: 10
[15:15:52] [Server thread/INFO]: Nerfing mobs spawned from spawners: false
[15:15:52] [Server thread/INFO]: Zombie Aggressive Towards Villager: true
[15:15:52] [Server thread/INFO]: Experience Merge Radius: 3.0
[15:15:52] [Server thread/INFO]: Cactus Growth Modifier: 100%
[15:15:52] [Server thread/INFO]: Cane Growth Modifier: 100%
[15:15:52] [Server thread/INFO]: Melon Growth Modifier: 100%
[15:15:52] [Server thread/INFO]: Mushroom Growth Modifier: 100%
[15:15:52] [Server thread/INFO]: Pumpkin Growth Modifier: 100%
[15:15:52] [Server thread/INFO]: Sapling Growth Modifier: 100%
[15:15:52] [Server thread/INFO]: Beetroot Growth Modifier: 100%
[15:15:52] [Server thread/INFO]: Carrot Growth Modifier: 100%
[15:15:52] [Server thread/INFO]: Potato Growth Modifier: 100%
[15:15:52] [Server thread/INFO]: Wheat Growth Modifier: 100%
[15:15:52] [Server thread/INFO]: NetherWart Growth Modifier: 100%
[15:15:52] [Server thread/INFO]: Vine Growth Modifier: 100%
[15:15:52] [Server thread/INFO]: Cocoa Growth Modifier: 100%
[15:15:52] [Server thread/INFO]: Bamboo Growth Modifier: 100%
[15:15:52] [Server thread/INFO]: SweetBerry Growth Modifier: 100%
[15:15:52] [Server thread/INFO]: Kelp Growth Modifier: 100%
[15:15:52] [Server thread/INFO]: Mob Spawn Range: 6
[15:15:52] [Server thread/INFO]: Entity Tracking Range: Pl 48 / An 48 / Mo 48 / Mi 32 / Other 64
[15:15:52] [Server thread/INFO]: Entity Activation Range: An 32 / Mo 32 / Ra 48 / Mi 16 / Tiv true / Isa false
[15:15:52] [Server thread/INFO]: Hopper Transfer: 8 Hopper Check: 1 Hopper Amount: 1
[15:15:52] [Server thread/INFO]: Custom Map Seeds:  Village: 10387312 Desert: 14357617 Igloo: 14357618 Jungle: 14357619 Swamp: 14357620 Monument: 10387313 Ocean: 14357621 Shipwreck: 165745295 End City: 10387313 Slime: 987234911 Nether: 30084232 Mansion: 10387319 Fossil: 14357921 Portal: 34222645
[15:15:52] [Server thread/INFO]: Max TNT Explosions: 100
[15:15:52] [Server thread/INFO]: Tile Max Tick Time: 50ms Entity max Tick Time: 50ms
[15:15:52] [Server thread/INFO]: -------- World Settings For [world_nether] --------
[15:15:52] [Server thread/INFO]: Arrow Despawn Rate: 1200 Trident Respawn Rate:1200
[15:15:52] [Server thread/INFO]: Allow Zombie Pigmen to spawn from portal blocks: true
[15:15:52] [Server thread/INFO]: Item Merge Radius: 2.5
[15:15:52] [Server thread/INFO]: Item Despawn Rate: 6000
[15:15:52] [Server thread/INFO]: View Distance: 10
[15:15:52] [Server thread/INFO]: Simulation Distance: 10
[15:15:52] [Server thread/INFO]: Nerfing mobs spawned from spawners: false
[15:15:52] [Server thread/INFO]: Zombie Aggressive Towards Villager: true
[15:15:52] [Server thread/INFO]: Experience Merge Radius: 3.0
[15:15:52] [Server thread/INFO]: Cactus Growth Modifier: 100%
[15:15:52] [Server thread/INFO]: Cane Growth Modifier: 100%
[15:15:52] [Server thread/INFO]: Melon Growth Modifier: 100%
[15:15:52] [Server thread/INFO]: Mushroom Growth Modifier: 100%
[15:15:52] [Server thread/INFO]: Pumpkin Growth Modifier: 100%
[15:15:52] [Server thread/INFO]: Sapling Growth Modifier: 100%
[15:15:52] [Server thread/INFO]: Beetroot Growth Modifier: 100%
[15:15:52] [Server thread/INFO]: Carrot Growth Modifier: 100%
[15:15:52] [Server thread/INFO]: Potato Growth Modifier: 100%
[15:15:52] [Server thread/INFO]: Wheat Growth Modifier: 100%
[15:15:52] [Server thread/INFO]: NetherWart Growth Modifier: 100%
[15:15:52] [Server thread/INFO]: Vine Growth Modifier: 100%
[15:15:52] [Server thread/INFO]: Cocoa Growth Modifier: 100%
[15:15:52] [Server thread/INFO]: Bamboo Growth Modifier: 100%
[15:15:52] [Server thread/INFO]: SweetBerry Growth Modifier: 100%
[15:15:52] [Server thread/INFO]: Kelp Growth Modifier: 100%
[15:15:52] [Server thread/INFO]: Mob Spawn Range: 6
[15:15:52] [Server thread/INFO]: Entity Tracking Range: Pl 48 / An 48 / Mo 48 / Mi 32 / Other 64
[15:15:52] [Server thread/INFO]: Entity Activation Range: An 32 / Mo 32 / Ra 48 / Mi 16 / Tiv true / Isa false
[15:15:52] [Server thread/INFO]: Hopper Transfer: 8 Hopper Check: 1 Hopper Amount: 1
[15:15:52] [Server thread/INFO]: Custom Map Seeds:  Village: 10387312 Desert: 14357617 Igloo: 14357618 Jungle: 14357619 Swamp: 14357620 Monument: 10387313 Ocean: 14357621 Shipwreck: 165745295 End City: 10387313 Slime: 987234911 Nether: 30084232 Mansion: 10387319 Fossil: 14357921 Portal: 34222645
[15:15:52] [Server thread/INFO]: Max TNT Explosions: 100
[15:15:52] [Server thread/INFO]: Tile Max Tick Time: 50ms Entity max Tick Time: 50ms
[15:15:52] [Server thread/INFO]: -------- World Settings For [world_the_end] --------
[15:15:52] [Server thread/INFO]: Arrow Despawn Rate: 1200 Trident Respawn Rate:1200
[15:15:52] [Server thread/INFO]: Allow Zombie Pigmen to spawn from portal blocks: true
[15:15:52] [Server thread/INFO]: Item Merge Radius: 2.5
[15:15:52] [Server thread/INFO]: Item Despawn Rate: 6000
[15:15:52] [Server thread/INFO]: View Distance: 10
[15:15:52] [Server thread/INFO]: Simulation Distance: 10
[15:15:52] [Server thread/INFO]: Nerfing mobs spawned from spawners: false
[15:15:52] [Server thread/INFO]: Zombie Aggressive Towards Villager: true
[15:15:52] [Server thread/INFO]: Experience Merge Radius: 3.0
[15:15:52] [Server thread/INFO]: Cactus Growth Modifier: 100%
[15:15:52] [Server thread/INFO]: Cane Growth Modifier: 100%
[15:15:52] [Server thread/INFO]: Melon Growth Modifier: 100%
[15:15:52] [Server thread/INFO]: Mushroom Growth Modifier: 100%
[15:15:52] [Server thread/INFO]: Pumpkin Growth Modifier: 100%
[15:15:52] [Server thread/INFO]: Sapling Growth Modifier: 100%
[15:15:52] [Server thread/INFO]: Beetroot Growth Modifier: 100%
[15:15:52] [Server thread/INFO]: Carrot Growth Modifier: 100%
[15:15:52] [Server thread/INFO]: Potato Growth Modifier: 100%
[15:15:52] [Server thread/INFO]: Wheat Growth Modifier: 100%
[15:15:52] [Server thread/INFO]: NetherWart Growth Modifier: 100%
[15:15:52] [Server thread/INFO]: Vine Growth Modifier: 100%
[15:15:52] [Server thread/INFO]: Cocoa Growth Modifier: 100%
[15:15:52] [Server thread/INFO]: Bamboo Growth Modifier: 100%
[15:15:52] [Server thread/INFO]: SweetBerry Growth Modifier: 100%
[15:15:52] [Server thread/INFO]: Kelp Growth Modifier: 100%
[15:15:52] [Server thread/INFO]: Mob Spawn Range: 6
[15:15:52] [Server thread/INFO]: Entity Tracking Range: Pl 48 / An 48 / Mo 48 / Mi 32 / Other 64
[15:15:52] [Server thread/INFO]: Entity Activation Range: An 32 / Mo 32 / Ra 48 / Mi 16 / Tiv true / Isa false
[15:15:52] [Server thread/INFO]: Hopper Transfer: 8 Hopper Check: 1 Hopper Amount: 1
[15:15:52] [Server thread/INFO]: Custom Map Seeds:  Village: 10387312 Desert: 14357617 Igloo: 14357618 Jungle: 14357619 Swamp: 14357620 Monument: 10387313 Ocean: 14357621 Shipwreck: 165745295 End City: 10387313 Slime: 987234911 Nether: 30084232 Mansion: 10387319 Fossil: 14357921 Portal: 34222645
[15:15:52] [Server thread/INFO]: Max TNT Explosions: 100
[15:15:52] [Server thread/INFO]: Tile Max Tick Time: 50ms Entity max Tick Time: 50ms
[15:15:52] [Server thread/INFO]: Preparing start region for dimension minecraft:overworld
[15:15:54] [Worker-Main-25/INFO]: Preparing spawn area: 0%
[15:15:54] [Worker-Main-25/INFO]: Preparing spawn area: 0%
[15:15:54] [Worker-Main-25/INFO]: Preparing spawn area: 0%
[15:15:54] [Worker-Main-27/INFO]: Preparing spawn area: 0%
[15:15:54] [Worker-Main-23/INFO]: Preparing spawn area: 0%
[15:15:55] [Worker-Main-30/INFO]: Preparing spawn area: 0%
[15:15:55] [Worker-Main-26/INFO]: Preparing spawn area: 0%
[15:15:56] [Worker-Main-21/INFO]: Preparing spawn area: 3%
[15:15:56] [Worker-Main-24/INFO]: Preparing spawn area: 7%
[15:15:57] [Worker-Main-26/INFO]: Preparing spawn area: 22%
[15:15:57] [Worker-Main-18/INFO]: Preparing spawn area: 34%
[15:15:58] [Worker-Main-25/INFO]: Preparing spawn area: 47%
[15:15:58] [Worker-Main-16/INFO]: Preparing spawn area: 77%
[15:15:59] [Server thread/INFO]: Time elapsed: 7242 ms
[15:15:59] [Server thread/INFO]: Preparing start region for dimension minecraft:the_nether
[15:16:00] [Worker-Main-30/INFO]: Preparing spawn area: 0%
[15:16:00] [Worker-Main-21/INFO]: Preparing spawn area: 0%
[15:16:00] [Worker-Main-30/INFO]: Preparing spawn area: 1%
[15:16:01] [Worker-Main-29/INFO]: Preparing spawn area: 24%
[15:16:01] [Server thread/INFO]: Time elapsed: 1877 ms
[15:16:01] [Server thread/INFO]: Preparing start region for dimension minecraft:the_end
[15:16:02] [Worker-Main-22/INFO]: Preparing spawn area: 0%
[15:16:02] [Worker-Main-22/INFO]: Preparing spawn area: 0%
[15:16:02] [Worker-Main-29/INFO]: Preparing spawn area: 46%
[15:16:03] [Server thread/INFO]: Time elapsed: 1153 ms
[15:16:03] [Server thread/INFO]: [Essentials] Enabling Essentials v2.19.4
[15:16:03] [Server thread/INFO]: [Essentials] You are running a server with limited API functionality. EssentialsX will still work, but certain features may be disabled.
[15:16:03] [Server thread/INFO]: Attempting to convert old kits in config.yml to new kits.yml
[15:16:03] [Server thread/INFO]: No kits found to migrate.
[15:16:03] [Server thread/INFO]: Loaded 36926 items from items.json.
[15:16:03] [Server thread/INFO]: Using locale it_IT
[15:16:03] [Server thread/INFO]: [Essentials] ServerListPingEvent: Spigot iterator API
[15:16:03] [Server thread/INFO]: [Essentials] Starting Metrics. Opt-out using the global bStats config.
[15:16:03] [Server thread/INFO]: [Essentials] Using superperms-based permissions.
[15:16:03] [Server thread/INFO]: [ImageOnMap] Enabling ImageOnMap v4.2.2
[15:16:03] [Server thread/INFO]: [ImageOnMap] Loaded 0 player map files.
[15:16:03] [Server thread/INFO]: [UltimateHomes] Enabling UltimateHomes v2.5
[15:16:03] [Server thread/INFO]: [m
[15:16:03] [Server thread/INFO]: [0;32;1m--------------------------------------[m
[15:16:03] [Server thread/INFO]: [0;37;1m       UltimateHomes by kixmc[m
[15:16:03] [Server thread/INFO]: [0;37;1m       Enabled on version 2.5[m
[15:16:03] [Server thread/INFO]: [0;32;1m--------------------------------------[m
[15:16:03] [Server thread/INFO]:  [m
[15:16:03] [Server thread/INFO]: [ImprovedFactions] Enabling ImprovedFactions v1.0
[15:16:03] [Server thread/INFO]: §7[§e§lImprovedFactions§7] §aSuccessfully loaded §6bstat
[15:16:03] [Server thread/INFO]: §7[§e§lImprovedFactions§7] §aDetected version §61.18.2-R0.1-SNAPSHOT§a running on server. Loaded IF version support §61.18.x
[15:16:04] [Server thread/INFO]: [Orebfuscator] Enabling Orebfuscator v5.2.6
[15:16:04] [Server thread/INFO]: [ChangeSkin] Enabling ChangeSkin v3.0
[15:16:04] [Server thread/INFO]: HikariPool-1 - Starting...
[15:16:04] [Server thread/INFO]: HikariPool-1 - Start completed.
[15:16:04] [Server thread/INFO]: [DecentHolograms] Enabling DecentHolograms v2.3.1
[15:16:04] [Server thread/INFO]: [DecentHolograms] Using ProtocolLib for packet listening.
[15:16:04] [Server thread/INFO]: Server permissions file permissions.yml is empty, ignoring it
[15:16:04] [Server thread/INFO]: Done (13.056s)! For help, type "help"
[15:16:04] [Server thread/WARN]: §7[§e§lImprovedFactions§7] §eDisabled faction economy! Needs Vault and an Economy plugin installed to enable it
[15:16:04] [Craft Scheduler Thread - 1/INFO]: [Essentials] Caricamento delle informazione sulla versione...
[15:17:39] [Server thread/INFO]: Unknown command. Type "/help" for help.[m
[15:17:46] [Server thread/INFO]: Unknown command. Type "/help" for help.[m
[15:17:52] [Server thread/INFO]: Stopping the server
[15:17:52] [Server thread/INFO]: Stopping server
[15:17:52] [Server thread/INFO]: [DecentHolograms] Disabling DecentHolograms v2.3.1
[15:17:52] [Server thread/INFO]: [ChangeSkin] Disabling ChangeSkin v3.0
[15:17:52] [Server thread/INFO]: HikariPool-1 - Shutdown initiated...
[15:17:52] [Server thread/INFO]: HikariPool-1 - Shutdown completed.
[15:17:52] [Server thread/INFO]: [Orebfuscator] Disabling Orebfuscator v5.2.6
[15:17:52] [Server thread/INFO]: [ProtocolLib] Disabling ProtocolLib v4.8.0
[15:17:52] [Server thread/INFO]: [ImprovedFactions] Disabling ImprovedFactions v1.0
[15:17:52] [Server thread/INFO]: [UltimateHomes] Disabling UltimateHomes v2.5
[15:17:52] [Server thread/INFO]: [ImageOnMap] Disabling ImageOnMap v4.2.2
[15:17:52] [Server thread/INFO]: [Essentials] Disabling Essentials v2.19.4
[15:17:52] [Server thread/INFO]: Saving players
[15:17:52] [Server thread/INFO]: Saving worlds
[15:17:53] [Server thread/INFO]: Saving chunks for level 'ServerLevel[world]'/minecraft:overworld
[15:17:53] [Server thread/INFO]: Saving chunks for level 'ServerLevel[world_nether]'/minecraft:the_nether
[15:17:53] [Server thread/INFO]: Saving chunks for level 'ServerLevel[world_the_end]'/minecraft:the_end
[15:17:54] [Server thread/INFO]: ThreadedAnvilChunkStorage (world): All chunks are saved
[15:17:54] [Server thread/INFO]: ThreadedAnvilChunkStorage (DIM-1): All chunks are saved
[15:17:54] [Server thread/INFO]: ThreadedAnvilChunkStorage (DIM1): All chunks are saved
[15:17:54] [Server thread/INFO]: ThreadedAnvilChunkStorage: All dimensions are saved
